
Showing logs for build [32mjstrachan-environment-jstrachan-ghdnx-2[0m stage [32mpr-checks[0m and container [32mstep-credential-initializer-gnwvq[0m
{"level":"warn","ts":1582910616.8255367,"logger":"fallback-logger","caller":"logging/config.go:69","msg":"Fetch GitHub commit ID from kodata failed: \"ref: refs/heads/0.8.0-**-support-backwards-incompats\" is not a valid GitHub commit ID"}
{"level":"info","ts":1582910616.826016,"logger":"fallback-logger","caller":"creds-init/main.go:40","msg":"Credentials initialized."}

Showing logs for build [32mjstrachan-environment-jstrachan-ghdnx-2[0m stage [32mpr-checks[0m and container [32mstep-working-dir-initializer-kpq78[0m
{"level":"warn","ts":1582910617.5089712,"logger":"fallback-logger","caller":"logging/config.go:69","msg":"Fetch GitHub commit ID from kodata failed: open /var/run/ko/HEAD: no such file or directory"}
{"level":"info","ts":1582910617.5098383,"logger":"fallback-logger","caller":"bash/main.go:64","msg":"Successfully executed command \"sh -c mkdir -p /workspace/source\"; output "}

Showing logs for build [32mjstrachan-environment-jstrachan-ghdnx-2[0m stage [32mpr-checks[0m and container [32mstep-place-tools[0m

Showing logs for build [32mjstrachan-environment-jstrachan-ghdnx-2[0m stage [32mpr-checks[0m and container [32mstep-git-source-jstrachan-environment-jstrachan-ghdnx-zn8j7[0m
{"level":"warn","ts":1582910623.6672235,"logger":"fallback-logger","caller":"logging/config.go:69","msg":"Fetch GitHub commit ID from kodata failed: \"ref: refs/heads/0.8.0-**-support-backwards-incompats\" is not a valid GitHub commit ID"}
{"level":"info","ts":1582910624.6721256,"logger":"fallback-logger","caller":"git/git.go:103","msg":"Successfully cloned https://github.com/*********/environment-*********-**5-staging.git @ master in path /workspace/source"}

Showing logs for build [32mjstrachan-environment-jstrachan-ghdnx-2[0m stage [32mpr-checks[0m and container [32mstep-git-merge[0m
Using SHAs from PULL_REFS=master:f9aaca1ad654d401ac0ed3836056648ab7d6f60c,2:966a32bf793fad959bf0c220263950b80088e72b
DEBUG: LC_ALL=C JX_LOG_LEVEL=error git fetch origin --unshallow 966a32bf793fad959bf0c220263950b80088e72b: f9aaca1ad654d401ac0ed3836056648ab7d6f60c:
DEBUG: ran git fetch --unshallow origin 966a32bf793fad959bf0c220263950b80088e72b: f9aaca1ad654d401ac0ed3836056648ab7d6f60c: in 
DEBUG: LC_ALL=C JX_LOG_LEVEL=error git branch
DEBUG: LC_ALL=C JX_LOG_LEVEL=error git checkout master
DEBUG: ran git checkout master in 
DEBUG: LC_ALL=C JX_LOG_LEVEL=error git reset --hard f9aaca1ad654d401ac0ed3836056648ab7d6f60c
DEBUG: ran git reset --hard f9aaca1ad654d401ac0ed3836056648ab7d6f60c in 
DEBUG: LC_ALL=C JX_LOG_LEVEL=error git clean -fd .
DEBUG: ran clean --force -d . in 
DEBUG: JX_LOG_LEVEL=error LC_ALL=C git merge 966a32bf793fad959bf0c220263950b80088e72b
DEBUG: ran git merge 966a32bf793fad959bf0c220263950b80088e72b in 
DEBUG: LC_ALL=C JX_LOG_LEVEL=error git log --format=%H%x1f%an%x1f%ae%x1f%cn%x1f%ce%x1f%s%n%b%x1e f9aaca1ad654d401ac0ed3836056648ab7d6f60c..HEAD
Merged SHA 966a32bf793fad959bf0c220263950b80088e72b with commit message 'Merge branch 'master' into promote-bdd-nh-1582910244-0.0.1' into base branch master
Merged SHA b2bd86edf18e7ebbca3b985e0d5c26c76da89d14 with commit message 'chore: Promote bdd-nh-1582910244 to version 0.0.1' into base branch master

Showing logs for build [32mjstrachan-environment-jstrachan-ghdnx-2[0m stage [32mpr-checks[0m and container [32mstep-create-helmfile[0m

Showing logs for build [32mjstrachan-environment-jstrachan-ghdnx-2[0m stage [32mpr-checks[0m and container [32mstep-lint-helmfile-system[0m
Adding repo dev http://chartmuseum-**.35.241.156.203.nip.io
"dev" has been added to your repositories

Adding repo jenkins-x https://storage.googleapis.com/chartmuseum.jenkins-x.io
"jenkins-x" has been added to your repositories

Updating repo
Hang tight while we grab the latest from your chart repositories...
...Successfully got an update from the "dev" chart repository
...Successfully got an update from the "jenkins-x" chart repository
Update Complete. âˆ Happy Helming!âˆ 

Fetching jenkins-x/empty
Linting release=empty, chart=/tmp/869675735/empty/latest/jenkins-x/empty/empty
==> Linting /tmp/869675735/empty/latest/jenkins-x/empty/empty

1 chart(s) linted, 0 chart(s) failed


Showing logs for build [32mjstrachan-environment-jstrachan-ghdnx-2[0m stage [32mpr-checks[0m and container [32mstep-lint-helmfile-apps[0m
Adding repo dev http://chartmuseum-**.35.241.156.203.nip.io
"dev" has been added to your repositories

Adding repo jenkins-x http://chartmuseum.jenkins-x.io
"jenkins-x" has been added to your repositories

Updating repo
Hang tight while we grab the latest from your chart repositories...
...Successfully got an update from the "dev" chart repository
...Successfully got an update from the "jenkins-x" chart repository
Update Complete. âˆ Happy Helming!âˆ 

Fetching dev/bdd-nh-1582910244
Linting release=bdd-nh-1582910244, chart=/tmp/910447215/bdd-nh-1582910244/0.0.1/dev/bdd-nh-1582910244/bdd-nh-1582910244
==> Linting /tmp/910447215/bdd-nh-1582910244/0.0.1/dev/bdd-nh-1582910244/bdd-nh-1582910244

1 chart(s) linted, 0 chart(s) failed

