
Showing logs for build [32mjstrachan-environment-jstrachan-859ff-3[0m stage [32mrelease[0m and container [32mstep-credential-initializer-5kwps[0m
{"level":"warn","ts":1582911739.6436248,"logger":"fallback-logger","caller":"logging/config.go:69","msg":"Fetch GitHub commit ID from kodata failed: \"ref: refs/heads/0.8.0-**-support-backwards-incompats\" is not a valid GitHub commit ID"}
{"level":"info","ts":1582911739.64417,"logger":"fallback-logger","caller":"creds-init/main.go:40","msg":"Credentials initialized."}

Showing logs for build [32mjstrachan-environment-jstrachan-859ff-3[0m stage [32mrelease[0m and container [32mstep-working-dir-initializer-htx9w[0m
{"level":"warn","ts":1582911741.0039618,"logger":"fallback-logger","caller":"logging/config.go:69","msg":"Fetch GitHub commit ID from kodata failed: open /var/run/ko/HEAD: no such file or directory"}
{"level":"info","ts":1582911741.0051215,"logger":"fallback-logger","caller":"bash/main.go:64","msg":"Successfully executed command \"sh -c mkdir -p /workspace/source\"; output "}

Showing logs for build [32mjstrachan-environment-jstrachan-859ff-3[0m stage [32mrelease[0m and container [32mstep-place-tools[0m

Showing logs for build [32mjstrachan-environment-jstrachan-859ff-3[0m stage [32mrelease[0m and container [32mstep-git-source-jstrachan-environment-jstrachan-859ff-22crv[0m
{"level":"warn","ts":1582911748.2467842,"logger":"fallback-logger","caller":"logging/config.go:69","msg":"Fetch GitHub commit ID from kodata failed: \"ref: refs/heads/0.8.0-**-support-backwards-incompats\" is not a valid GitHub commit ID"}
{"level":"info","ts":1582911749.2866483,"logger":"fallback-logger","caller":"git/git.go:103","msg":"Successfully cloned https://github.com/*********/environment-*********-**5-staging.git @ v0.0.3 in path /workspace/source"}

Showing logs for build [32mjstrachan-environment-jstrachan-859ff-3[0m stage [32mrelease[0m and container [32mstep-git-merge[0m
Using SHAs from PULL_REFS=master:182f3aa27c082d78e0972c26b2214732b84ed960
WARNING: no SHAs to merge, falling back to initial cloned commit

Showing logs for build [32mjstrachan-environment-jstrachan-859ff-3[0m stage [32mrelease[0m and container [32mstep-validate-git[0m
Git configured for user: jenkins-x-bot and email jenkins-x@googlegroups.com

Showing logs for build [32mjstrachan-environment-jstrachan-859ff-3[0m stage [32mrelease[0m and container [32mstep-verify-preinstall[0m
disabling ** step verify preinstall as using a local environment

Showing logs for build [32mjstrachan-environment-jstrachan-859ff-3[0m stage [32mrelease[0m and container [32mstep-install-jx-crds[0m
Jenkins X CRDs upgraded with success

Showing logs for build [32mjstrachan-environment-jstrachan-859ff-3[0m stage [32mrelease[0m and container [32mstep-generate-helmfile[0m

Showing logs for build [32mjstrachan-environment-jstrachan-859ff-3[0m stage [32mrelease[0m and container [32mstep-helmfile-system[0m
Adding repo dev http://chartmuseum-**.35.241.156.203.nip.io
"dev" has been added to your repositories

Adding repo jenkins-x https://storage.googleapis.com/chartmuseum.jenkins-x.io
"jenkins-x" has been added to your repositories

Updating repo
Hang tight while we grab the latest from your chart repositories...
...Successfully got an update from the "dev" chart repository
...Successfully got an update from the "jenkins-x" chart repository
Update Complete. ⎈ Happy Helming!⎈ 

Affected releases are:
  empty (jenkins-x/empty) UPDATED

Upgrading release=empty, chart=jenkins-x/empty
Release "empty" has been upgraded. Happy Helming!
NAME: empty
LAST DEPLOYED: Fri Feb 28 17:42:51 2020
NAMESPACE: **-staging
STATUS: deployed
REVISION: 3
Listing releases matching ^empty$
TEST SUITE: None

empty	**-staging	3       	2020-02-28 17:42:51.397523166 +0000 UTC	deployed	empty-0.0.3	           


UPDATED RELEASES:
NAME    CHART             VERSION
empty   jenkins-x/empty     0.0.3


Showing logs for build [32mjstrachan-environment-jstrachan-859ff-3[0m stage [32mrelease[0m and container [32mstep-verify-ingress[0m
Waiting to find the external host name of the ingress controller Service in namespace nginx with name nginx-ingress-controller
No domain flag provided so using default 35.241.156.203.nip.io to generate Ingress rules
defaulting the domain to 35.241.156.203.nip.io and modified **-requirements.yml

Showing logs for build [32mjstrachan-environment-jstrachan-859ff-3[0m stage [32mrelease[0m and container [32mstep-helmfile-apps[0m
Adding repo dev http://chartmuseum-**.35.241.156.203.nip.io
"dev" has been added to your repositories

Adding repo jenkins-x http://chartmuseum.jenkins-x.io
"jenkins-x" has been added to your repositories

Updating repo
Hang tight while we grab the latest from your chart repositories...
...Successfully got an update from the "dev" chart repository
...Successfully got an update from the "jenkins-x" chart repository
Update Complete. ⎈ Happy Helming!⎈ 

Affected releases are:
  bdd-nh-1582910244 (dev/bdd-nh-1582910244) UPDATED
  bdd-nh-1582911519 (dev/bdd-nh-1582911519) UPDATED

Upgrading release=bdd-nh-1582910244, chart=dev/bdd-nh-1582910244
Upgrading release=bdd-nh-1582911519, chart=dev/bdd-nh-1582911519
Release "bdd-nh-1582910244" has been upgraded. Happy Helming!
NAME: bdd-nh-1582910244
LAST DEPLOYED: Fri Feb 28 17:42:58 2020
NAMESPACE: **-staging
STATUS: deployed
REVISION: 2
TEST SUITE: None
NOTES:
Get the application URL by running these commands:

kubectl get ingress bdd-nh-1582910244-bdd-nh-1582910244

Listing releases matching ^bdd-nh-1582910244$
bdd-nh-1582910244	**-staging	2       	2020-02-28 17:42:58.009975439 +0000 UTC	deployed	bdd-nh-1582910244-0.0.1	0.0.1      

Release "bdd-nh-1582911519" does not exist. Installing it now.
NAME: bdd-nh-1582911519
LAST DEPLOYED: Fri Feb 28 17:42:57 2020
NAMESPACE: **-staging
STATUS: deployed
REVISION: 1
TEST SUITE: None
NOTES:
Get the application URL by running these commands:

kubectl get ingress bdd-nh-1582911519-bdd-nh-1582911519

Listing releases matching ^bdd-nh-1582911519$
bdd-nh-1582911519	**-staging	1       	2020-02-28 17:42:57.981743773 +0000 UTC	deployed	bdd-nh-1582911519-0.0.1	0.0.1      


UPDATED RELEASES:
NAME                CHART                   VERSION
bdd-nh-1582910244   dev/bdd-nh-1582910244     0.0.1
bdd-nh-1582911519   dev/bdd-nh-1582911519     0.0.1


Showing logs for build [32mjstrachan-environment-jstrachan-859ff-3[0m stage [32mrelease[0m and container [32mstep-git-creds[0m
Generated Git credentials file /builder/home/git/credentials

Showing logs for build [32mjstrachan-environment-jstrachan-859ff-3[0m stage [32mrelease[0m and container [32mstep-verify-jenkins-x-environment[0m
disabling ** step verify env as using a local environment

Showing logs for build [32mjstrachan-environment-jstrachan-859ff-3[0m stage [32mrelease[0m and container [32mstep-install-pipelines[0m

Showing logs for build [32mjstrachan-environment-jstrachan-859ff-3[0m stage [32mrelease[0m and container [32mstep-update-webhooks[0m
DEBUG: Finding service url for hook in namespace **
DEBUG: Couldn't find service url, attempting to look up via ingress
DEBUG: found service url http://hook-**.35.241.156.203.nip.io
Updating webhooks for Owner: ********* and Repository: bdd-nh-1582910159 in git server: https://github.com
Checking hooks for repository *********/bdd-nh-1582910159 with user *********
Found matching hook for url http://hook-**.35.241.156.203.nip.io/hook
Updating GitHub webhook for *********/bdd-nh-1582910159 for url http://hook-**.35.241.156.203.nip.io/hook
Updating webhooks for Owner: ********* and Repository: bdd-nh-1582910244 in git server: https://github.com
Checking hooks for repository *********/bdd-nh-1582910244 with user *********
WARNING: Querying webhooks on *********/bdd-nh-1582910244: GET https://api.github.com/repos/*********/bdd-nh-1582910244/hooks: 404 Not Found []
Creating GitHub webhook for *********/bdd-nh-1582910244 for url http://hook-**.35.241.156.203.nip.io/hook
WARNING: failed to update webhooks for Owner: ********* and Repository: bdd-nh-1582910244 in git server: https://github.com: creating the webhook "http://hook-**.35.241.156.203.nip.io/hook" on repository '*********/bdd-nh-1582910244': unable to create webhook for *********/bdd-nh-1582910244 - permission denied: POST https://api.github.com/repos/*********/bdd-nh-1582910244/hooks: 404 Not Found []
Updating webhooks for Owner: ********* and Repository: bdd-nh-1582911519 in git server: https://github.com
Checking hooks for repository *********/bdd-nh-1582911519 with user *********
Found matching hook for url http://hook-**.35.241.156.203.nip.io/hook
Updating GitHub webhook for *********/bdd-nh-1582911519 for url http://hook-**.35.241.156.203.nip.io/hook
Updating webhooks for Owner: ********* and Repository: environment-*********-**5-dev in git server: https://github.com
Checking hooks for repository *********/environment-*********-**5-dev with user *********
Found matching hook for url http://hook-**.35.241.156.203.nip.io/hook
Updating GitHub webhook for *********/environment-*********-**5-dev for url http://hook-**.35.241.156.203.nip.io/hook
Updating webhooks for Owner: ********* and Repository: environment-*********-**5-production in git server: https://github.com
Checking hooks for repository *********/environment-*********-**5-production with user *********
Found matching hook for url http://hook-**.35.241.156.203.nip.io/hook
Updating GitHub webhook for *********/environment-*********-**5-production for url http://hook-**.35.241.156.203.nip.io/hook
Updating webhooks for Owner: ********* and Repository: environment-*********-**5-staging in git server: https://github.com
Checking hooks for repository *********/environment-*********-**5-staging with user *********
Found matching hook for url http://hook-**.35.241.156.203.nip.io/hook
Updating GitHub webhook for *********/environment-*********-**5-staging for url http://hook-**.35.241.156.203.nip.io/hook

Showing logs for build [32mjstrachan-environment-jstrachan-859ff-3[0m stage [32mrelease[0m and container [32mstep-verify-installation[0m
verifying the Jenkins X installation in namespace **
verifying pods
Checking pod statuses
POD                                                        STATUS
jenkins-x-chartmuseum-7844b7b6cb-z4k2c                     Running
**-boot-9pzk6                                              Succeeded
**boot-helmfile-resources-controllerbuild-7bbf487499-j2p2n Running
**boot-helmfile-resources-controllerrole-fd9c77c6-cd4g8    Running
lighthouse-lighthouse-7454d4bc56-9q8bb                     Running
lighthouse-lighthouse-7454d4bc56-lr7wz                     Running
nexus-nexus-5f77cf7b86-m5q87                               Running
tekton-pipelines-controller-666488cbd5-ntnxw               Running
tide-66c684d4f8-zkdk6                                      Running
Verifying the git config
Verifying username ********* at git server github at https://github.com
Found 21 organisations in git server https://github.com: CamelCookbook, FuseByExample, arcalos-dashboard, arcalos-environments, cb-kubecd, cloudbees, codeship, fabric8-updatebot, fusesource, jenkins-x, jenkins-x-apps, jenkins-x-buildpacks, jenkins-x-charts, jenkins-x-dashboard, jenkins-x-images, jenkins-x-labs, jenkins-x-quickstarts, jenkins-x-test-projects, jenkinsci, jenkinsx, petclinic-gcp
Validated pipeline user ********* on git server https://github.com
Git tokens seem to be setup correctly
Installation is currently looking: GOOD
